<?xml version="1.0" encoding="UTF-8"?>
<testng-results ignored="0" total="1" passed="1" failed="0" skipped="0">
  <reporter-output>
  </reporter-output>
  <suite started-at="2025-08-11T10:49:56 SGT" name="Default suite" finished-at="2025-08-11T10:49:59 SGT" duration-ms="2832">
    <groups>
    </groups>
    <test started-at="2025-08-11T10:49:56 SGT" name="Default test" finished-at="2025-08-11T10:49:59 SGT" duration-ms="2832">
      <class name="com.demo.DemoMain">
        <test-method signature="mainTest()[pri:0, instance:com.demo.DemoMain@5d534f5d]" started-at="2025-08-11T10:49:56 SGT" name="mainTest" finished-at="2025-08-11T10:49:59 SGT" duration-ms="2806" status="PASS">
          <reporter-output>
          </reporter-output>
        </test-method> <!-- mainTest -->
      </class> <!-- com.demo.DemoMain -->
    </test> <!-- Default test -->
  </suite> <!-- Default suite -->
</testng-results>
